

Started GET "/" for 127.0.0.1 at 2013-10-21 19:14:58 -0400

ActiveRecord::PendingMigrationError (Migrations are pending; run 'rake db:migrate RAILS_ENV=development' to resolve this issue.):
  activerecord (4.0.0) lib/active_record/migration.rb:379:in `check_pending!'
  activerecord (4.0.0) lib/active_record/migration.rb:366:in `call'
  actionpack (4.0.0) lib/action_dispatch/middleware/callbacks.rb:29:in `block in call'
  activesupport (4.0.0) lib/active_support/callbacks.rb:373:in `_run__82468380848921585__call__callbacks'
  activesupport (4.0.0) lib/active_support/callbacks.rb:80:in `run_callbacks'
  actionpack (4.0.0) lib/action_dispatch/middleware/callbacks.rb:27:in `call'
  actionpack (4.0.0) lib/action_dispatch/middleware/reloader.rb:64:in `call'
  actionpack (4.0.0) lib/action_dispatch/middleware/remote_ip.rb:76:in `call'
  actionpack (4.0.0) lib/action_dispatch/middleware/debug_exceptions.rb:17:in `call'
  actionpack (4.0.0) lib/action_dispatch/middleware/show_exceptions.rb:30:in `call'
  railties (4.0.0) lib/rails/rack/logger.rb:38:in `call_app'
  railties (4.0.0) lib/rails/rack/logger.rb:21:in `block in call'
  activesupport (4.0.0) lib/active_support/tagged_logging.rb:67:in `block in tagged'
  activesupport (4.0.0) lib/active_support/tagged_logging.rb:25:in `tagged'
  activesupport (4.0.0) lib/active_support/tagged_logging.rb:67:in `tagged'
  railties (4.0.0) lib/rails/rack/logger.rb:21:in `call'
  actionpack (4.0.0) lib/action_dispatch/middleware/request_id.rb:21:in `call'
  rack (1.5.2) lib/rack/methodoverride.rb:21:in `call'
  rack (1.5.2) lib/rack/runtime.rb:17:in `call'
  activesupport (4.0.0) lib/active_support/cache/strategy/local_cache.rb:83:in `call'
  rack (1.5.2) lib/rack/lock.rb:17:in `call'
  actionpack (4.0.0) lib/action_dispatch/middleware/static.rb:64:in `call'
  railties (4.0.0) lib/rails/engine.rb:511:in `call'
  railties (4.0.0) lib/rails/application.rb:97:in `call'
  rack (1.5.2) lib/rack/lock.rb:17:in `call'
  rack (1.5.2) lib/rack/content_length.rb:14:in `call'
  rack (1.5.2) lib/rack/handler/webrick.rb:60:in `service'
  /home/trimbf/.rvm/rubies/ruby-2.0.0-p247/lib/ruby/2.0.0/webrick/httpserver.rb:138:in `service'
  /home/trimbf/.rvm/rubies/ruby-2.0.0-p247/lib/ruby/2.0.0/webrick/httpserver.rb:94:in `run'
  /home/trimbf/.rvm/rubies/ruby-2.0.0-p247/lib/ruby/2.0.0/webrick/server.rb:295:in `block in start_thread'


  Rendered /home/trimbf/.rvm/gems/ruby-2.0.0-p247/gems/actionpack-4.0.0/lib/action_dispatch/middleware/templates/rescues/_source.erb (0.5ms)
  Rendered /home/trimbf/.rvm/gems/ruby-2.0.0-p247/gems/actionpack-4.0.0/lib/action_dispatch/middleware/templates/rescues/_trace.erb (1.1ms)
  Rendered /home/trimbf/.rvm/gems/ruby-2.0.0-p247/gems/actionpack-4.0.0/lib/action_dispatch/middleware/templates/rescues/_request_and_response.erb (0.8ms)
  Rendered /home/trimbf/.rvm/gems/ruby-2.0.0-p247/gems/actionpack-4.0.0/lib/action_dispatch/middleware/templates/rescues/diagnostics.erb within rescues/layout (13.0ms)
  [1m[36m (139.3ms)[0m  [1mCREATE TABLE "schema_migrations" ("version" varchar(255) NOT NULL) [0m
  [1m[35m (115.3ms)[0m  CREATE UNIQUE INDEX "unique_schema_migrations" ON "schema_migrations" ("version")
  [1m[36mActiveRecord::SchemaMigration Load (0.2ms)[0m  [1mSELECT "schema_migrations".* FROM "schema_migrations"[0m
Migrating to CreateGroups (20130926170517)
  [1m[35m (0.3ms)[0m  begin transaction
  [1m[36m (1.1ms)[0m  [1mCREATE TABLE "groups" ("id" INTEGER PRIMARY KEY AUTOINCREMENT NOT NULL, "name" varchar(255), "created_at" datetime, "updated_at" datetime) [0m
  [1m[35mSQL (0.2ms)[0m  INSERT INTO "schema_migrations" ("version") VALUES (?)  [["version", "20130926170517"]]
  [1m[36m (117.0ms)[0m  [1mcommit transaction[0m
Migrating to DeviseCreateUsers (20130926170718)
  [1m[35m (0.2ms)[0m  begin transaction
  [1m[36m (1.0ms)[0m  [1mCREATE TABLE "users" ("id" INTEGER PRIMARY KEY AUTOINCREMENT NOT NULL, "email" varchar(255) DEFAULT '' NOT NULL, "encrypted_password" varchar(255) DEFAULT '' NOT NULL, "reset_password_token" varchar(255), "reset_password_sent_at" datetime, "remember_created_at" datetime, "sign_in_count" integer DEFAULT 0 NOT NULL, "current_sign_in_at" datetime, "last_sign_in_at" datetime, "current_sign_in_ip" varchar(255), "last_sign_in_ip" varchar(255), "confirmation_token" varchar(255), "confirmed_at" datetime, "confirmation_sent_at" datetime, "created_at" datetime, "updated_at" datetime) [0m
  [1m[35m (0.3ms)[0m  CREATE UNIQUE INDEX "index_users_on_email" ON "users" ("email")
  [1m[36m (0.4ms)[0m  [1mCREATE UNIQUE INDEX "index_users_on_reset_password_token" ON "users" ("reset_password_token")[0m
  [1m[35m (0.6ms)[0m  CREATE UNIQUE INDEX "index_users_on_confirmation_token" ON "users" ("confirmation_token")
  [1m[36mSQL (0.1ms)[0m  [1mINSERT INTO "schema_migrations" ("version") VALUES (?)[0m  [["version", "20130926170718"]]
  [1m[35m (117.1ms)[0m  commit transaction
Migrating to CreateRides (20130926170749)
  [1m[36m (0.2ms)[0m  [1mbegin transaction[0m
  [1m[35m (0.8ms)[0m  CREATE TABLE "rides" ("id" INTEGER PRIMARY KEY AUTOINCREMENT NOT NULL, "name" varchar(255), "location" varchar(255), "created_at" datetime, "updated_at" datetime) 
  [1m[36mSQL (0.7ms)[0m  [1mINSERT INTO "schema_migrations" ("version") VALUES (?)[0m  [["version", "20130926170749"]]
  [1m[35m (133.3ms)[0m  commit transaction
Migrating to CreateGoals (20130926170824)
  [1m[36m (0.2ms)[0m  [1mbegin transaction[0m
  [1m[35m (0.8ms)[0m  CREATE TABLE "goals" ("id" INTEGER PRIMARY KEY AUTOINCREMENT NOT NULL, "hotspot_id" integer, "time" varchar(255), "created_at" datetime, "updated_at" datetime) 
  [1m[36mSQL (0.4ms)[0m  [1mINSERT INTO "schema_migrations" ("version") VALUES (?)[0m  [["version", "20130926170824"]]
  [1m[35m (143.1ms)[0m  commit transaction
Migrating to CreateGroupMemberships (20130926171248)
  [1m[36m (0.2ms)[0m  [1mbegin transaction[0m
  [1m[35m (0.9ms)[0m  CREATE TABLE "group_memberships" ("id" INTEGER PRIMARY KEY AUTOINCREMENT NOT NULL, "user_id" integer, "group_id" integer, "created_at" datetime, "updated_at" datetime) 
  [1m[36mSQL (0.7ms)[0m  [1mINSERT INTO "schema_migrations" ("version") VALUES (?)[0m  [["version", "20130926171248"]]
  [1m[35m (135.3ms)[0m  commit transaction
Migrating to AddFirstAndLastNameToUsers (20130926171807)
  [1m[36m (0.3ms)[0m  [1mbegin transaction[0m
  [1m[35m (1.0ms)[0m  ALTER TABLE "users" ADD "first_name" varchar(255)
  [1m[36m (0.3ms)[0m  [1mALTER TABLE "users" ADD "last_name" varchar(255)[0m
  [1m[35mSQL (0.6ms)[0m  INSERT INTO "schema_migrations" ("version") VALUES (?)  [["version", "20130926171807"]]
  [1m[36m (116.9ms)[0m  [1mcommit transaction[0m
Migrating to CreateRideMemberships (20130926172011)
  [1m[35m (0.2ms)[0m  begin transaction
  [1m[36m (0.8ms)[0m  [1mCREATE TABLE "ride_memberships" ("id" INTEGER PRIMARY KEY AUTOINCREMENT NOT NULL, "ride_id" integer, "user_id" integer, "ride_date" varchar(255), "created_at" datetime, "updated_at" datetime) [0m
  [1m[35mSQL (0.6ms)[0m  INSERT INTO "schema_migrations" ("version") VALUES (?)  [["version", "20130926172011"]]
  [1m[36m (118.0ms)[0m  [1mcommit transaction[0m
Migrating to CreateHotspots (20130926172310)
  [1m[35m (0.1ms)[0m  begin transaction
  [1m[36m (0.6ms)[0m  [1mCREATE TABLE "hotspots" ("id" INTEGER PRIMARY KEY AUTOINCREMENT NOT NULL, "location" varchar(255), "length" varchar(255), "avg_incline" varchar(255), "created_at" datetime, "updated_at" datetime) [0m
  [1m[35mSQL (0.4ms)[0m  INSERT INTO "schema_migrations" ("version") VALUES (?)  [["version", "20130926172310"]]
  [1m[36m (129.1ms)[0m  [1mcommit transaction[0m
  [1m[35mActiveRecord::SchemaMigration Load (0.3ms)[0m  SELECT "schema_migrations".* FROM "schema_migrations"


Started GET "/" for 127.0.0.1 at 2013-10-21 19:15:38 -0400
  [1m[36mActiveRecord::SchemaMigration Load (0.1ms)[0m  [1mSELECT "schema_migrations".* FROM "schema_migrations"[0m
Processing by RidesController#index as HTML
  [1m[35mRide Load (0.1ms)[0m  SELECT "rides".* FROM "rides"
  Rendered rides/index.html.erb within layouts/application (2.3ms)
Completed 200 OK in 788ms (Views: 747.1ms | ActiveRecord: 0.8ms)


Started GET "/assets/goals.css?body=1" for 127.0.0.1 at 2013-10-21 19:15:39 -0400


Started GET "/assets/application.css?body=1" for 127.0.0.1 at 2013-10-21 19:15:39 -0400


Started GET "/assets/hotspots.css?body=1" for 127.0.0.1 at 2013-10-21 19:15:39 -0400


Started GET "/assets/groups.css?body=1" for 127.0.0.1 at 2013-10-21 19:15:39 -0400


Started GET "/assets/rides.css?body=1" for 127.0.0.1 at 2013-10-21 19:15:39 -0400


Started GET "/assets/jquery.js?body=1" for 127.0.0.1 at 2013-10-21 19:15:39 -0400


Started GET "/assets/scaffolds.css?body=1" for 127.0.0.1 at 2013-10-21 19:15:39 -0400


Started GET "/assets/jquery_ujs.js?body=1" for 127.0.0.1 at 2013-10-21 19:15:39 -0400


Started GET "/assets/turbolinks.js?body=1" for 127.0.0.1 at 2013-10-21 19:15:39 -0400


Started GET "/assets/goals.js?body=1" for 127.0.0.1 at 2013-10-21 19:15:39 -0400


Started GET "/assets/groups.js?body=1" for 127.0.0.1 at 2013-10-21 19:15:39 -0400


Started GET "/assets/hotspots.js?body=1" for 127.0.0.1 at 2013-10-21 19:15:39 -0400


Started GET "/assets/rides.js?body=1" for 127.0.0.1 at 2013-10-21 19:15:39 -0400


Started GET "/assets/application.js?body=1" for 127.0.0.1 at 2013-10-21 19:15:39 -0400


Started GET "/rides/new" for 127.0.0.1 at 2013-10-21 19:15:43 -0400
Processing by RidesController#new as HTML
  Rendered rides/_form.html.erb (50.6ms)
  Rendered rides/new.html.erb within layouts/application (53.2ms)
Completed 200 OK in 61ms (Views: 59.9ms | ActiveRecord: 0.0ms)


Started GET "/rides" for 127.0.0.1 at 2013-10-21 19:15:47 -0400
Processing by RidesController#index as HTML
  [1m[36mRide Load (0.2ms)[0m  [1mSELECT "rides".* FROM "rides"[0m
  Rendered rides/index.html.erb within layouts/application (1.7ms)
Completed 200 OK in 10ms (Views: 8.8ms | ActiveRecord: 0.2ms)


Started GET "/users/sign_in" for 127.0.0.1 at 2013-10-21 19:15:50 -0400
Processing by Devise::SessionsController#new as HTML
  Rendered devise/shared/_links.erb (1.2ms)
  Rendered devise/sessions/new.html.erb within layouts/application (6.6ms)
Completed 200 OK in 69ms (Views: 33.6ms | ActiveRecord: 0.3ms)


Started GET "/users/sign_up" for 127.0.0.1 at 2013-10-21 19:15:53 -0400
Processing by Devise::RegistrationsController#new as HTML
  Rendered devise/shared/_links.erb (1.0ms)
  Rendered devise/registrations/new.html.erb within layouts/application (4.8ms)
Completed 200 OK in 13ms (Views: 11.7ms | ActiveRecord: 0.0ms)


Started POST "/users" for 127.0.0.1 at 2013-10-21 19:16:03 -0400
Processing by Devise::RegistrationsController#create as HTML
  Parameters: {"utf8"=>"✓", "authenticity_token"=>"5/kOw+dV2WgHt1D6Qc5LVzvsVWFeg4Ohm+lG7ngKC4k=", "user"=>{"email"=>"trimbf@rpi.edu", "password"=>"[FILTERED]", "password_confirmation"=>"[FILTERED]"}, "commit"=>"Sign up"}
  [1m[35m (0.1ms)[0m  begin transaction
  [1m[36mUser Exists (0.1ms)[0m  [1mSELECT 1 AS one FROM "users" WHERE "users"."email" = 'trimbf@rpi.edu' LIMIT 1[0m
Binary data inserted for `string` type on column `encrypted_password`
  [1m[35mSQL (3.6ms)[0m  INSERT INTO "users" ("created_at", "email", "encrypted_password", "updated_at") VALUES (?, ?, ?, ?)  [["created_at", Mon, 21 Oct 2013 23:16:03 UTC +00:00], ["email", "trimbf@rpi.edu"], ["encrypted_password", "$2a$10$EyUf.nGsoQ/czuVQP4jZtO.vjV8XL0r6buDH.2ncOS2ZGj8eyAnnC"], ["updated_at", Mon, 21 Oct 2013 23:16:03 UTC +00:00]]
  [1m[36m (185.5ms)[0m  [1mcommit transaction[0m
  [1m[35m (0.2ms)[0m  begin transaction
Binary data inserted for `string` type on column `last_sign_in_ip`
Binary data inserted for `string` type on column `current_sign_in_ip`
  [1m[36mSQL (2.3ms)[0m  [1mUPDATE "users" SET "last_sign_in_at" = ?, "current_sign_in_at" = ?, "last_sign_in_ip" = ?, "current_sign_in_ip" = ?, "sign_in_count" = ?, "updated_at" = ? WHERE "users"."id" = 1[0m  [["last_sign_in_at", Mon, 21 Oct 2013 23:16:04 UTC +00:00], ["current_sign_in_at", Mon, 21 Oct 2013 23:16:04 UTC +00:00], ["last_sign_in_ip", "127.0.0.1"], ["current_sign_in_ip", "127.0.0.1"], ["sign_in_count", 1], ["updated_at", Mon, 21 Oct 2013 23:16:04 UTC +00:00]]
  [1m[35m (121.2ms)[0m  commit transaction
Redirected to http://localhost:3000/
Completed 302 Found in 421ms (ActiveRecord: 313.4ms)


Started GET "/" for 127.0.0.1 at 2013-10-21 19:16:04 -0400
Processing by RidesController#index as HTML
  [1m[36mRide Load (0.2ms)[0m  [1mSELECT "rides".* FROM "rides"[0m
  Rendered rides/index.html.erb within layouts/application (0.9ms)
  [1m[35mUser Load (0.2ms)[0m  SELECT "users".* FROM "users" WHERE "users"."id" = 1 ORDER BY "users"."id" ASC LIMIT 1
Completed 200 OK in 38ms (Views: 36.3ms | ActiveRecord: 0.4ms)


Started GET "/assets/jquery.js?body=1" for 127.0.0.1 at 2013-10-21 19:16:04 -0400


Started GET "/assets/jquery_ujs.js?body=1" for 127.0.0.1 at 2013-10-21 19:16:04 -0400


Started GET "/assets/turbolinks.js?body=1" for 127.0.0.1 at 2013-10-21 19:16:04 -0400


Started DELETE "/users/sign_out" for 127.0.0.1 at 2013-10-21 19:16:09 -0400
Processing by Devise::SessionsController#destroy as HTML
  Parameters: {"authenticity_token"=>"5/kOw+dV2WgHt1D6Qc5LVzvsVWFeg4Ohm+lG7ngKC4k="}
  [1m[36mUser Load (0.2ms)[0m  [1mSELECT "users".* FROM "users" WHERE "users"."id" = 1 ORDER BY "users"."id" ASC LIMIT 1[0m
  [1m[35m (0.1ms)[0m  begin transaction
  [1m[36m (0.2ms)[0m  [1mcommit transaction[0m
Redirected to http://localhost:3000/
Completed 302 Found in 8ms (ActiveRecord: 0.5ms)


Started GET "/" for 127.0.0.1 at 2013-10-21 19:16:09 -0400
Processing by RidesController#index as HTML
  [1m[35mRide Load (0.2ms)[0m  SELECT "rides".* FROM "rides"
  Rendered rides/index.html.erb within layouts/application (1.0ms)
Completed 200 OK in 11ms (Views: 10.2ms | ActiveRecord: 0.2ms)


Started GET "/assets/jquery.js?body=1" for 127.0.0.1 at 2013-10-21 19:16:09 -0400


Started GET "/assets/jquery_ujs.js?body=1" for 127.0.0.1 at 2013-10-21 19:16:09 -0400


Started GET "/assets/turbolinks.js?body=1" for 127.0.0.1 at 2013-10-21 19:16:09 -0400


Started GET "/users/sign_in" for 127.0.0.1 at 2013-10-21 19:16:10 -0400
Processing by Devise::SessionsController#new as HTML
  Rendered devise/shared/_links.erb (0.3ms)
  Rendered devise/sessions/new.html.erb within layouts/application (3.0ms)
Completed 200 OK in 11ms (Views: 9.3ms | ActiveRecord: 0.0ms)


Started POST "/users/sign_in" for 127.0.0.1 at 2013-10-21 19:16:17 -0400
Processing by Devise::SessionsController#create as HTML
  Parameters: {"utf8"=>"✓", "authenticity_token"=>"1A1WR3Q6iSAzHubqEHIcsS8Z2wIOfArcWVVIpNfICXI=", "user"=>{"email"=>"trimbf@rpi.edu", "password"=>"[FILTERED]", "remember_me"=>"1"}, "commit"=>"Sign in"}
  [1m[36mUser Load (0.2ms)[0m  [1mSELECT "users".* FROM "users" WHERE "users"."email" = 'trimbf@rpi.edu' LIMIT 1[0m
  [1m[35m (0.1ms)[0m  begin transaction
  [1m[36mSQL (0.3ms)[0m  [1mUPDATE "users" SET "remember_created_at" = ?, "updated_at" = ? WHERE "users"."id" = 1[0m  [["remember_created_at", Mon, 21 Oct 2013 23:16:17 UTC +00:00], ["updated_at", Mon, 21 Oct 2013 23:16:17 UTC +00:00]]
  [1m[35m (161.3ms)[0m  commit transaction
  [1m[36m (0.1ms)[0m  [1mbegin transaction[0m
  [1m[35mSQL (0.3ms)[0m  UPDATE "users" SET "current_sign_in_at" = ?, "sign_in_count" = ?, "updated_at" = ? WHERE "users"."id" = 1  [["current_sign_in_at", Mon, 21 Oct 2013 23:16:17 UTC +00:00], ["sign_in_count", 2], ["updated_at", Mon, 21 Oct 2013 23:16:17 UTC +00:00]]
  [1m[36m (113.2ms)[0m  [1mcommit transaction[0m
Redirected to http://localhost:3000/
Completed 302 Found in 362ms (ActiveRecord: 275.6ms)


Started GET "/" for 127.0.0.1 at 2013-10-21 19:16:17 -0400
Processing by RidesController#index as HTML
  [1m[35mRide Load (0.2ms)[0m  SELECT "rides".* FROM "rides"
  Rendered rides/index.html.erb within layouts/application (0.9ms)
  [1m[36mUser Load (0.2ms)[0m  [1mSELECT "users".* FROM "users" WHERE "users"."id" = 1 ORDER BY "users"."id" ASC LIMIT 1[0m
Completed 200 OK in 9ms (Views: 7.3ms | ActiveRecord: 0.4ms)


Started GET "/assets/jquery.js?body=1" for 127.0.0.1 at 2013-10-21 19:16:17 -0400


Started GET "/assets/turbolinks.js?body=1" for 127.0.0.1 at 2013-10-21 19:16:17 -0400


Started GET "/assets/jquery_ujs.js?body=1" for 127.0.0.1 at 2013-10-21 19:16:17 -0400


Started GET "/rides/new" for 127.0.0.1 at 2013-10-21 19:17:56 -0400
Processing by RidesController#new as HTML
  Rendered rides/_form.html.erb (2.7ms)
  Rendered rides/new.html.erb within layouts/application (3.6ms)
  [1m[35mUser Load (0.2ms)[0m  SELECT "users".* FROM "users" WHERE "users"."id" = 1 ORDER BY "users"."id" ASC LIMIT 1
Completed 200 OK in 11ms (Views: 10.3ms | ActiveRecord: 0.2ms)


Started GET "/rides" for 127.0.0.1 at 2013-10-21 19:18:06 -0400
Processing by RidesController#index as HTML
  [1m[36mRide Load (0.4ms)[0m  [1mSELECT "rides".* FROM "rides"[0m
  Rendered rides/index.html.erb within layouts/application (1.5ms)
  [1m[35mUser Load (0.2ms)[0m  SELECT "users".* FROM "users" WHERE "users"."id" = 1 ORDER BY "users"."id" ASC LIMIT 1
Completed 200 OK in 20ms (Views: 17.8ms | ActiveRecord: 0.6ms)


Started GET "/rides/new" for 127.0.0.1 at 2013-10-21 19:18:57 -0400
Processing by RidesController#new as HTML
  Rendered rides/_form.html.erb (2.2ms)
  Rendered rides/new.html.erb within layouts/application (3.9ms)
  [1m[36mUser Load (0.2ms)[0m  [1mSELECT "users".* FROM "users" WHERE "users"."id" = 1 ORDER BY "users"."id" ASC LIMIT 1[0m
Completed 200 OK in 15ms (Views: 13.3ms | ActiveRecord: 0.2ms)


Started POST "/rides" for 127.0.0.1 at 2013-10-21 20:00:01 -0400
Processing by RidesController#create as HTML
  Parameters: {"utf8"=>"✓", "authenticity_token"=>"ho9L+nExV2U/iCtDypE4xinLHNll+1DsgAvuiyXObpY=", "ride"=>{"id"=>"0", "name"=>"shitbucketride", "location"=>"acton ma"}, "commit"=>"Create Ride"}
Completed 500 Internal Server Error in 4ms

NoMethodError (undefined method `has_attached_file' for #<Class:0x00000004a166d0>):
  app/models/ride.rb:4:in `<class:Ride>'
  app/models/ride.rb:1:in `<top (required)>'
  app/controllers/rides_controller.rb:27:in `create'


  Rendered /home/trimbf/.rvm/gems/ruby-2.0.0-p247/gems/actionpack-4.0.0/lib/action_dispatch/middleware/templates/rescues/_source.erb (0.6ms)
  Rendered /home/trimbf/.rvm/gems/ruby-2.0.0-p247/gems/actionpack-4.0.0/lib/action_dispatch/middleware/templates/rescues/_trace.erb (1.0ms)
  Rendered /home/trimbf/.rvm/gems/ruby-2.0.0-p247/gems/actionpack-4.0.0/lib/action_dispatch/middleware/templates/rescues/_request_and_response.erb (0.9ms)
  Rendered /home/trimbf/.rvm/gems/ruby-2.0.0-p247/gems/actionpack-4.0.0/lib/action_dispatch/middleware/templates/rescues/diagnostics.erb within rescues/layout (12.5ms)


Started POST "/rides" for 127.0.0.1 at 2013-10-21 20:00:55 -0400
  [1m[35mActiveRecord::SchemaMigration Load (0.1ms)[0m  SELECT "schema_migrations".* FROM "schema_migrations"

ActiveRecord::PendingMigrationError (Migrations are pending; run 'rake db:migrate RAILS_ENV=development' to resolve this issue.):
  activerecord (4.0.0) lib/active_record/migration.rb:379:in `check_pending!'
  activerecord (4.0.0) lib/active_record/migration.rb:366:in `call'
  actionpack (4.0.0) lib/action_dispatch/middleware/callbacks.rb:29:in `block in call'
  activesupport (4.0.0) lib/active_support/callbacks.rb:373:in `_run__4515157756306202681__call__callbacks'
  activesupport (4.0.0) lib/active_support/callbacks.rb:80:in `run_callbacks'
  actionpack (4.0.0) lib/action_dispatch/middleware/callbacks.rb:27:in `call'
  actionpack (4.0.0) lib/action_dispatch/middleware/reloader.rb:64:in `call'
  actionpack (4.0.0) lib/action_dispatch/middleware/remote_ip.rb:76:in `call'
  actionpack (4.0.0) lib/action_dispatch/middleware/debug_exceptions.rb:17:in `call'
  actionpack (4.0.0) lib/action_dispatch/middleware/show_exceptions.rb:30:in `call'
  railties (4.0.0) lib/rails/rack/logger.rb:38:in `call_app'
  railties (4.0.0) lib/rails/rack/logger.rb:21:in `block in call'
  activesupport (4.0.0) lib/active_support/tagged_logging.rb:67:in `block in tagged'
  activesupport (4.0.0) lib/active_support/tagged_logging.rb:25:in `tagged'
  activesupport (4.0.0) lib/active_support/tagged_logging.rb:67:in `tagged'
  railties (4.0.0) lib/rails/rack/logger.rb:21:in `call'
  actionpack (4.0.0) lib/action_dispatch/middleware/request_id.rb:21:in `call'
  rack (1.5.2) lib/rack/methodoverride.rb:21:in `call'
  rack (1.5.2) lib/rack/runtime.rb:17:in `call'
  activesupport (4.0.0) lib/active_support/cache/strategy/local_cache.rb:83:in `call'
  rack (1.5.2) lib/rack/lock.rb:17:in `call'
  actionpack (4.0.0) lib/action_dispatch/middleware/static.rb:64:in `call'
  railties (4.0.0) lib/rails/engine.rb:511:in `call'
  railties (4.0.0) lib/rails/application.rb:97:in `call'
  rack (1.5.2) lib/rack/lock.rb:17:in `call'
  rack (1.5.2) lib/rack/content_length.rb:14:in `call'
  rack (1.5.2) lib/rack/handler/webrick.rb:60:in `service'
  /home/trimbf/.rvm/rubies/ruby-2.0.0-p247/lib/ruby/2.0.0/webrick/httpserver.rb:138:in `service'
  /home/trimbf/.rvm/rubies/ruby-2.0.0-p247/lib/ruby/2.0.0/webrick/httpserver.rb:94:in `run'
  /home/trimbf/.rvm/rubies/ruby-2.0.0-p247/lib/ruby/2.0.0/webrick/server.rb:295:in `block in start_thread'


  Rendered /home/trimbf/.rvm/gems/ruby-2.0.0-p247/gems/actionpack-4.0.0/lib/action_dispatch/middleware/templates/rescues/_source.erb (0.5ms)
  Rendered /home/trimbf/.rvm/gems/ruby-2.0.0-p247/gems/actionpack-4.0.0/lib/action_dispatch/middleware/templates/rescues/_trace.erb (0.9ms)
  Rendered /home/trimbf/.rvm/gems/ruby-2.0.0-p247/gems/actionpack-4.0.0/lib/action_dispatch/middleware/templates/rescues/_request_and_response.erb (1.4ms)
  Rendered /home/trimbf/.rvm/gems/ruby-2.0.0-p247/gems/actionpack-4.0.0/lib/action_dispatch/middleware/templates/rescues/diagnostics.erb within rescues/layout (12.8ms)
